[5] connected
Waiting for game to begin
[4] connected
Waiting for game to begin
[6] connected
Waiting for game to begin
[7] connected
Waiting for game to begin
[10] connected
Waiting for game to begin
[2] connected
Waiting for game to begin
[3] connected
Waiting for game to begin
[9] connected
Waiting for game to begin
[0] connected
Waiting for game to begin
[11] connected
Waiting for game to begin
[4] Game started
[6] Game started
[4] Dealer's hand: [{"ValueStr":"10","Suit":"Diamonds"}]
[7] Game started
[6] Dealer's hand: [{"ValueStr":"10","Suit":"Diamonds"}]
[7] Dealer's hand: [{"ValueStr":"10","Suit":"Diamonds"}]
[1] connected
Waiting for game to begin
[10] Game started
[8] connected
[1] Wrong start msg received: 12
[1] Game started
[10] Dealer's hand: [{"ValueStr":"10","Suit":"Diamonds"}]
[5] Game started
[11] Wrong start msg received: [{"ValueStr":"8","Suit":"Clubs"}]
[11] Game started
[5] Dealer's hand: [{"ValueStr":"10","Suit":"Diamonds"}]
[2] Game started
[5]Current hand: 20
[3] Game started
[3] Dealer's hand: [{"ValueStr":"8","Suit":"Clubs"}]
[9] Game started
[2] Dealer's hand: [{"ValueStr":"8","Suit":"Clubs"}]
[9] Dealer's hand: [{"ValueStr":"8","Suit":"Clubs"}]
[0] Wrong start msg received: [{"ValueStr":"8","Suit":"Clubs"}]
[0] Game started
Waiting for game to begin
[7]Current hand: 14
[6]Current hand: 5
[7] Bust
[6]Current hand: 14
[4]Current hand: 13
[6] Bust
[4] Bust
[10]Current hand: 13
[8] Wrong start msg received: 11
[8] Game started
[10] Bust
Receive failed
Receive failed
Receive failed
Receive failed
Reading dealer hand failed, exiting
Reading dealer hand failed, exiting
Reading dealer hand failed, exiting
Reading dealer hand failed, exiting
[4] closed
Receive failed
Reading dealer hand failed, exiting
[6] closed
[10] closed
[0] closed
Receive failed
Receive failed
Receive failed
Reading dealer hand failed, exiting
Reading dealer hand failed, exiting
Receive failed
Reading dealer hand failed, exiting
[1] closed
Receive failed
[8] closed
Receive failed
Reading dealer hand failed, exiting
[11] closed
Receive failed
Reading dealer hand failed, exiting
[5] closed
Receive failed
Receive failed
Reading dealer hand failed, exiting
[3] closed
Receive failed
Reading dealer hand failed, exiting
[7] closed
[2] closed
[9] closed
